<?xml version="1.0" encoding="UTF-8"?>
<!-- Generated by org.testng.reporters.JUnitReportReporter -->
<testsuite hostname="IT-AmaniZaqzouq-Lap" failures="0" tests="1" name="mainPackage.searchForProduct" time="51.280" errors="0" timestamp="2024-06-29T00:36:34 IDT" skipped="0">
  <testcase classname="mainPackage.searchForProduct" name="searchFunctionality" time="51.280"/>
  <system-out/>
</testsuite> <!-- mainPackage.searchForProduct -->
